--- Startup times for process: Primary (or UI client) ---

times in msec
 clock   self+sourced   self:  sourced script
 clock   elapsed:              other lines

000.000  000.000: --- NVIM STARTING ---
000.065  000.064: event init
000.171  000.106: early init
000.439  000.268: locale set
000.457  000.018: init first window
000.711  000.254: inits 1
000.716  000.004: window checked
000.717  000.001: parsing arguments
000.988  000.023  000.023: require('vim._core.shared')
001.026  000.003  000.003: require('string.buffer')
001.038  000.023  000.020: require('vim.inspect')
001.061  000.019  000.019: require('vim._core.options')
001.062  000.073  000.031: require('vim._core.editor')
001.085  000.022  000.022: require('vim._core.system')
001.086  000.138  000.019: require('vim._init_packages')
001.087  000.232: init lua interpreter
002.895  001.808: nvim_ui_attach
003.101  000.207: nvim_set_client_info
003.102  000.001: --- NVIM STARTED ---

--- Startup times for process: Embedded ---

times in msec
 clock   self+sourced   self:  sourced script
 clock   elapsed:              other lines

000.000  000.000: --- NVIM STARTING ---
000.097  000.096: event init
000.288  000.191: early init
000.741  000.453: locale set
000.774  000.033: init first window
001.170  000.396: inits 1
001.187  000.016: window checked
001.189  000.002: parsing arguments
001.640  000.037  000.037: require('vim._core.shared')
001.699  000.005  000.005: require('string.buffer')
001.719  000.036  000.032: require('vim.inspect')
001.757  000.032  000.032: require('vim._core.options')
001.758  000.116  000.048: require('vim._core.editor')
001.797  000.037  000.037: require('vim._core.system')
001.798  000.219  000.029: require('vim._init_packages')
001.800  000.392: init lua interpreter
003.163  001.363: expanding arguments
003.174  000.010: inits 2
003.333  000.159: init highlight
003.333  000.001: waiting for UI
003.428  000.095: done waiting for UI
003.433  000.005: clear screen
003.532  000.008  000.008: require('vim.keymap')
004.091  000.091  000.091: sourcing nvim_exec2()
004.110  000.003  000.003: require('vim._core.log')
004.562  001.125  001.023: require('vim._core.defaults')
004.565  000.006: init default mappings & autocommands
005.425  000.056  000.056: sourcing /opt/homebrew/Cellar/neovim/0.12.1/share/nvim/runtime/ftplugin.vim
005.536  000.025  000.025: sourcing /opt/homebrew/Cellar/neovim/0.12.1/share/nvim/runtime/indent.vim
006.565  000.810  000.810: require('mini.deps')
006.633  000.005  000.005: sourcing nvim_exec2() called at /Users/nikschaefer/dotfiles/nvim/init.lua:0
006.656  000.003  000.003: require('vim.F')
007.133  000.473  000.473: require('options')
007.306  000.172  000.172: require('mappings')
007.383  000.076  000.076: require('autocmds')
007.748  000.228  000.228: sourcing nvim_exec2() called at /Users/nikschaefer/dotfiles/nvim/init.lua:0
008.164  000.413  000.413: require('mini.basics')
008.473  000.013  000.013: sourcing /Applications/Ghostty.app/Contents/Resources/ghostty/../nvim/site/ftdetect/ghostty.vim
008.485  000.122  000.109: sourcing nvim_exec2() called at /opt/homebrew/Cellar/neovim/0.12.1/share/nvim/runtime/filetype.lua:0
008.486  000.166  000.044: sourcing /opt/homebrew/Cellar/neovim/0.12.1/share/nvim/runtime/filetype.lua
008.538  000.007  000.007: sourcing /opt/homebrew/Cellar/neovim/0.12.1/share/nvim/runtime/ftplugin.vim
008.580  000.004  000.004: sourcing /opt/homebrew/Cellar/neovim/0.12.1/share/nvim/runtime/indent.vim
008.586  000.328  000.151: sourcing nvim_exec2() called at /Users/nikschaefer/dotfiles/nvim/init.lua:0
010.845  000.374  000.374: require('mini.notify')
011.118  000.235  000.235: require('mini.tabline')
011.147  000.005  000.005: sourcing nvim_exec2() called at /Users/nikschaefer/dotfiles/nvim/init.lua:0
011.149  003.765  002.182: require('plugin/mini')
011.544  000.245  000.245: sourcing nvim_exec2() called at /Users/nikschaefer/dotfiles/nvim/init.lua:0
011.715  000.089  000.089: require('tokyonight.config')
011.717  000.171  000.082: require('tokyonight')
011.974  000.084  000.084: require('tokyonight.theme')
012.233  000.126  000.126: require('tokyonight.util')
012.235  000.229  000.103: require('tokyonight.colors')
012.615  000.281  000.281: require('tokyonight.hsluv')
012.884  000.117  000.117: require('tokyonight.groups')
014.161  002.306  001.594: sourcing /Users/nikschaefer/.local/share/nvim/site/pack/deps/opt/tokyonight.nvim/colors/tokyonight.lua
014.193  002.470  000.164: sourcing nvim_exec2() called at /Users/nikschaefer/dotfiles/nvim/init.lua:0
015.121  000.128  000.128: require('nvim-treesitter.utils')
016.826  000.118  000.118: require('vim.treesitter.language')
016.899  000.072  000.072: require('vim.func')
017.032  000.132  000.132: require('vim.treesitter._range')
017.126  000.091  000.091: require('vim.func._memoize')
017.144  000.794  000.379: require('vim.treesitter.query')
017.153  001.223  000.429: require('vim.treesitter.languagetree')
017.156  001.429  000.206: require('vim.treesitter')
017.463  002.340  000.910: require('nvim-treesitter.parsers')
018.159  000.083  000.083: require('nvim-treesitter.compat')
018.507  000.222  000.222: require('nvim-treesitter.ts_utils')
018.510  000.350  000.129: require('nvim-treesitter.tsrange')
018.595  000.084  000.084: require('nvim-treesitter.caching')
018.603  000.740  000.222: require('nvim-treesitter.query')
018.614  001.005  000.265: require('nvim-treesitter.configs')
018.618  001.154  000.149: require('nvim-treesitter.info')
018.808  000.189  000.189: require('nvim-treesitter.shell_command_selectors')
018.822  004.171  000.360: require('nvim-treesitter.install')
018.908  000.084  000.084: require('nvim-treesitter.statusline')
019.029  000.121  000.121: require('nvim-treesitter.query_predicates')
019.030  004.472  000.096: require('nvim-treesitter')
019.433  000.399  000.399: require('vim.iter')
020.074  005.544  000.673: sourcing /Users/nikschaefer/.local/share/nvim/site/pack/deps/opt/nvim-treesitter/plugin/nvim-treesitter.lua
020.165  005.949  000.406: sourcing nvim_exec2() called at /Users/nikschaefer/dotfiles/nvim/init.lua:0
021.292  000.208  000.208: require('nvim-treesitter.indent')
021.409  000.075  000.075: require('nvim-treesitter.highlight')
021.719  000.262  000.262: sourcing nvim_exec2() called at /Users/nikschaefer/dotfiles/nvim/init.lua:0
023.262  000.699  000.699: require('vim.lsp.protocol')
023.289  000.021  000.021: require('vim.fs')
023.307  000.916  000.196: require('vim.lsp.log')
024.151  000.842  000.842: require('vim.lsp.util')
024.495  000.166  000.166: require('vim.lsp.sync')
024.498  000.345  000.179: require('vim.lsp._changetracking')
024.867  000.122  000.122: require('vim.lsp._transport')
024.871  000.003  000.003: require('vim._core.stringbuffer')
024.876  000.377  000.252: require('vim.lsp.rpc')
024.905  003.183  000.703: require('vim.lsp')
024.923  013.773  001.210: require('plugin/plugins')
024.984  019.320  000.241: sourcing /Users/nikschaefer/.config/nvim/init.lua
024.992  001.027: sourcing vimrc file(s)
025.146  000.046  000.046: sourcing /opt/homebrew/Cellar/neovim/0.12.1/share/nvim/runtime/syntax/synload.vim
025.190  000.155  000.109: sourcing /opt/homebrew/Cellar/neovim/0.12.1/share/nvim/runtime/syntax/syntax.vim
025.697  000.025  000.025: sourcing /Users/nikschaefer/.local/share/nvim/site/pack/deps/opt/nvim-treesitter/plugin/nvim-treesitter.lua
026.510  000.106  000.106: sourcing /opt/homebrew/Cellar/neovim/0.12.1/share/nvim/runtime/plugin/gzip.vim
027.036  000.092  000.092: sourcing /opt/homebrew/Cellar/neovim/0.12.1/share/nvim/runtime/pack/dist/opt/matchit/plugin/matchit.vim
027.062  000.521  000.429: sourcing /opt/homebrew/Cellar/neovim/0.12.1/share/nvim/runtime/plugin/matchit.vim
027.158  000.066  000.066: sourcing /opt/homebrew/Cellar/neovim/0.12.1/share/nvim/runtime/plugin/matchparen.vim
027.681  000.102  000.102: sourcing /opt/homebrew/Cellar/neovim/0.12.1/share/nvim/runtime/pack/dist/opt/netrw/plugin/netrwPlugin.vim
027.706  000.517  000.415: sourcing /opt/homebrew/Cellar/neovim/0.12.1/share/nvim/runtime/plugin/netrwPlugin.vim
027.813  000.069  000.069: sourcing /opt/homebrew/Cellar/neovim/0.12.1/share/nvim/runtime/plugin/rplugin.vim
027.901  000.053  000.053: sourcing /opt/homebrew/Cellar/neovim/0.12.1/share/nvim/runtime/plugin/tarPlugin.vim
027.947  000.010  000.010: sourcing /opt/homebrew/Cellar/neovim/0.12.1/share/nvim/runtime/plugin/tutor.vim
028.039  000.057  000.057: sourcing /opt/homebrew/Cellar/neovim/0.12.1/share/nvim/runtime/plugin/zipPlugin.vim
028.102  000.026  000.026: sourcing /opt/homebrew/Cellar/neovim/0.12.1/share/nvim/runtime/plugin/editorconfig.lua
028.174  000.036  000.036: sourcing /opt/homebrew/Cellar/neovim/0.12.1/share/nvim/runtime/plugin/man.lua
028.283  000.069  000.069: sourcing /opt/homebrew/Cellar/neovim/0.12.1/share/nvim/runtime/plugin/net.lua
028.371  000.052  000.052: sourcing /opt/homebrew/Cellar/neovim/0.12.1/share/nvim/runtime/plugin/osc52.lua
028.464  000.057  000.057: sourcing /opt/homebrew/Cellar/neovim/0.12.1/share/nvim/runtime/plugin/shada.lua
028.528  000.026  000.026: sourcing /opt/homebrew/Cellar/neovim/0.12.1/share/nvim/runtime/plugin/spellfile.lua
028.584  001.746: loading rtp plugins
028.789  000.205: loading packages
029.142  000.353: loading after plugins
029.149  000.007: inits 3
030.038  000.890: reading ShaDa
030.093  000.055: opening buffers
030.105  000.011: BufEnter autocommands
030.106  000.001: editing files in windows
030.193  000.087: VimEnter autocommands
030.206  000.013: UIEnter autocommands
030.207  000.001: before starting main loop
030.558  000.351: first screen update
030.559  000.001: --- NVIM STARTED ---

--- Startup times for process: Primary (or UI client) ---

times in msec
 clock   self+sourced   self:  sourced script
 clock   elapsed:              other lines

000.000  000.000: --- NVIM STARTING ---
000.090  000.089: event init
000.268  000.178: early init
000.642  000.375: locale set
000.684  000.042: init first window
000.993  000.309: inits 1
000.998  000.006: window checked
001.000  000.001: parsing arguments
001.298  000.025  000.025: require('vim._core.shared')
001.337  000.002  000.002: require('string.buffer')
001.348  000.021  000.018: require('vim.inspect')
001.371  000.018  000.018: require('vim._core.options')
001.371  000.072  000.033: require('vim._core.editor')
001.402  000.029  000.029: require('vim._core.system')
001.403  000.146  000.020: require('vim._init_packages')
001.404  000.258: init lua interpreter
004.246  002.842: nvim_ui_attach
004.462  000.217: nvim_set_client_info
004.463  000.001: --- NVIM STARTED ---

--- Startup times for process: Embedded ---

times in msec
 clock   self+sourced   self:  sourced script
 clock   elapsed:              other lines

000.000  000.000: --- NVIM STARTING ---
000.045  000.045: event init
000.135  000.090: early init
000.358  000.223: locale set
000.375  000.017: init first window
000.594  000.220: inits 1
000.602  000.008: window checked
000.604  000.001: parsing arguments
000.869  000.021  000.021: require('vim._core.shared')
000.908  000.002  000.002: require('string.buffer')
000.920  000.022  000.019: require('vim.inspect')
000.941  000.018  000.018: require('vim._core.options')
000.942  000.072  000.032: require('vim._core.editor')
000.964  000.021  000.021: require('vim._core.system')
000.965  000.137  000.022: require('vim._init_packages')
000.966  000.226: init lua interpreter
002.612  001.646: expanding arguments
002.622  000.011: inits 2
002.792  000.170: init highlight
002.793  000.001: waiting for UI
002.887  000.094: done waiting for UI
002.893  000.006: clear screen
002.986  000.007  000.007: require('vim.keymap')
003.576  000.093  000.093: sourcing nvim_exec2()
003.595  000.003  000.003: require('vim._core.log')
004.054  001.158  001.055: require('vim._core.defaults')
004.055  000.005: init default mappings & autocommands
004.520  000.034  000.034: sourcing /opt/homebrew/Cellar/neovim/0.12.1/share/nvim/runtime/ftplugin.vim
004.582  000.014  000.014: sourcing /opt/homebrew/Cellar/neovim/0.12.1/share/nvim/runtime/indent.vim
005.494  000.774  000.774: require('mini.deps')
005.605  000.006  000.006: sourcing nvim_exec2() called at /Users/nikschaefer/dotfiles/nvim/init.lua:0
005.629  000.004  000.004: require('vim.F')
006.071  000.438  000.438: require('options')
006.310  000.238  000.238: require('mappings')
006.389  000.078  000.078: require('autocmds')
006.760  000.239  000.239: sourcing nvim_exec2() called at /Users/nikschaefer/dotfiles/nvim/init.lua:0
007.073  000.311  000.311: require('mini.basics')
007.332  000.015  000.015: sourcing /Applications/Ghostty.app/Contents/Resources/ghostty/../nvim/site/ftdetect/ghostty.vim
007.344  000.118  000.103: sourcing nvim_exec2() called at /opt/homebrew/Cellar/neovim/0.12.1/share/nvim/runtime/filetype.lua:0
007.345  000.185  000.067: sourcing /opt/homebrew/Cellar/neovim/0.12.1/share/nvim/runtime/filetype.lua
007.396  000.006  000.006: sourcing /opt/homebrew/Cellar/neovim/0.12.1/share/nvim/runtime/ftplugin.vim
007.438  000.004  000.004: sourcing /opt/homebrew/Cellar/neovim/0.12.1/share/nvim/runtime/indent.vim
007.444  000.339  000.144: sourcing nvim_exec2() called at /Users/nikschaefer/dotfiles/nvim/init.lua:0
009.780  000.440  000.440: require('mini.notify')
010.053  000.249  000.249: require('mini.tabline')
010.084  000.005  000.005: sourcing nvim_exec2() called at /Users/nikschaefer/dotfiles/nvim/init.lua:0
010.087  003.698  002.115: require('plugin/mini')
010.558  000.297  000.297: sourcing nvim_exec2() called at /Users/nikschaefer/dotfiles/nvim/init.lua:0
010.796  000.109  000.109: require('tokyonight.config')
010.798  000.236  000.127: require('tokyonight')
011.170  000.115  000.115: require('tokyonight.theme')
011.528  000.146  000.146: require('tokyonight.util')
011.529  000.263  000.116: require('tokyonight.colors')
011.924  000.283  000.283: require('tokyonight.hsluv')
012.224  000.135  000.135: require('tokyonight.groups')
013.503  002.473  001.677: sourcing /Users/nikschaefer/.local/share/nvim/site/pack/deps/opt/tokyonight.nvim/colors/tokyonight.lua
013.561  002.691  000.219: sourcing nvim_exec2() called at /Users/nikschaefer/dotfiles/nvim/init.lua:0
014.561  000.129  000.129: require('nvim-treesitter.utils')
016.223  000.116  000.116: require('vim.treesitter.language')
016.301  000.076  000.076: require('vim.func')
016.423  000.121  000.121: require('vim.treesitter._range')
016.526  000.101  000.101: require('vim.func._memoize')
016.568  000.823  000.409: require('vim.treesitter.query')
016.578  001.253  000.430: require('vim.treesitter.languagetree')
016.581  001.457  000.204: require('vim.treesitter')
016.803  002.241  000.784: require('nvim-treesitter.parsers')
017.470  000.078  000.078: require('nvim-treesitter.compat')
017.804  000.214  000.214: require('nvim-treesitter.ts_utils')
017.806  000.335  000.121: require('nvim-treesitter.tsrange')
017.884  000.077  000.077: require('nvim-treesitter.caching')
017.891  000.701  000.212: require('nvim-treesitter.query')
017.899  000.970  000.269: require('nvim-treesitter.configs')
017.900  001.096  000.126: require('nvim-treesitter.info')
018.074  000.173  000.173: require('nvim-treesitter.shell_command_selectors')
018.087  003.996  000.357: require('nvim-treesitter.install')
018.173  000.086  000.086: require('nvim-treesitter.statusline')
018.331  000.157  000.157: require('nvim-treesitter.query_predicates')
018.332  004.347  000.109: require('nvim-treesitter')
018.659  000.324  000.324: require('vim.iter')
019.114  005.160  000.488: sourcing /Users/nikschaefer/.local/share/nvim/site/pack/deps/opt/nvim-treesitter/plugin/nvim-treesitter.lua
019.203  005.606  000.447: sourcing nvim_exec2() called at /Users/nikschaefer/dotfiles/nvim/init.lua:0
020.502  000.240  000.240: require('nvim-treesitter.indent')
020.626  000.086  000.086: require('nvim-treesitter.highlight')
020.920  000.259  000.259: sourcing nvim_exec2() called at /Users/nikschaefer/dotfiles/nvim/init.lua:0
022.379  000.478  000.478: require('vim.lsp.protocol')
022.400  000.018  000.018: require('vim.fs')
022.414  000.670  000.174: require('vim.lsp.log')
023.210  000.794  000.794: require('vim.lsp.util')
023.554  000.167  000.167: require('vim.lsp.sync')
023.556  000.344  000.177: require('vim.lsp._changetracking')
023.931  000.124  000.124: require('vim.lsp._transport')
023.934  000.003  000.003: require('vim._core.stringbuffer')
023.952  000.395  000.268: require('vim.lsp.rpc')
023.979  003.057  000.853: require('vim.lsp')
024.043  013.954  001.482: require('plugin/plugins')
024.129  019.469  000.279: sourcing /Users/nikschaefer/.config/nvim/init.lua
024.134  000.562: sourcing vimrc file(s)
024.296  000.052  000.052: sourcing /opt/homebrew/Cellar/neovim/0.12.1/share/nvim/runtime/syntax/synload.vim
024.342  000.164  000.111: sourcing /opt/homebrew/Cellar/neovim/0.12.1/share/nvim/runtime/syntax/syntax.vim
024.915  000.026  000.026: sourcing /Users/nikschaefer/.local/share/nvim/site/pack/deps/opt/nvim-treesitter/plugin/nvim-treesitter.lua
025.796  000.096  000.096: sourcing /opt/homebrew/Cellar/neovim/0.12.1/share/nvim/runtime/plugin/gzip.vim
026.440  000.109  000.109: sourcing /opt/homebrew/Cellar/neovim/0.12.1/share/nvim/runtime/pack/dist/opt/matchit/plugin/matchit.vim
026.472  000.646  000.537: sourcing /opt/homebrew/Cellar/neovim/0.12.1/share/nvim/runtime/plugin/matchit.vim
026.606  000.085  000.085: sourcing /opt/homebrew/Cellar/neovim/0.12.1/share/nvim/runtime/plugin/matchparen.vim
027.193  000.108  000.108: sourcing /opt/homebrew/Cellar/neovim/0.12.1/share/nvim/runtime/pack/dist/opt/netrw/plugin/netrwPlugin.vim
027.220  000.576  000.468: sourcing /opt/homebrew/Cellar/neovim/0.12.1/share/nvim/runtime/plugin/netrwPlugin.vim
027.327  000.068  000.068: sourcing /opt/homebrew/Cellar/neovim/0.12.1/share/nvim/runtime/plugin/rplugin.vim
027.415  000.053  000.053: sourcing /opt/homebrew/Cellar/neovim/0.12.1/share/nvim/runtime/plugin/tarPlugin.vim
027.460  000.009  000.009: sourcing /opt/homebrew/Cellar/neovim/0.12.1/share/nvim/runtime/plugin/tutor.vim
027.550  000.056  000.056: sourcing /opt/homebrew/Cellar/neovim/0.12.1/share/nvim/runtime/plugin/zipPlugin.vim
027.621  000.034  000.034: sourcing /opt/homebrew/Cellar/neovim/0.12.1/share/nvim/runtime/plugin/editorconfig.lua
027.703  000.044  000.044: sourcing /opt/homebrew/Cellar/neovim/0.12.1/share/nvim/runtime/plugin/man.lua
027.822  000.082  000.082: sourcing /opt/homebrew/Cellar/neovim/0.12.1/share/nvim/runtime/plugin/net.lua
027.927  000.059  000.059: sourcing /opt/homebrew/Cellar/neovim/0.12.1/share/nvim/runtime/plugin/osc52.lua
028.035  000.070  000.070: sourcing /opt/homebrew/Cellar/neovim/0.12.1/share/nvim/runtime/plugin/shada.lua
028.096  000.021  000.021: sourcing /opt/homebrew/Cellar/neovim/0.12.1/share/nvim/runtime/plugin/spellfile.lua
028.156  001.933: loading rtp plugins
028.357  000.201: loading packages
028.712  000.355: loading after plugins
028.718  000.007: inits 3
029.469  000.751: reading ShaDa
029.523  000.054: opening buffers
029.534  000.012: BufEnter autocommands
029.536  000.001: editing files in windows
029.609  000.074: VimEnter autocommands
029.620  000.011: UIEnter autocommands
029.621  000.001: before starting main loop
030.008  000.387: first screen update
030.009  000.001: --- NVIM STARTED ---

--- Startup times for process: Primary (or UI client) ---

times in msec
 clock   self+sourced   self:  sourced script
 clock   elapsed:              other lines

000.000  000.000: --- NVIM STARTING ---
000.085  000.085: event init
000.246  000.161: early init
000.617  000.371: locale set
000.653  000.036: init first window
001.039  000.386: inits 1
001.047  000.008: window checked
001.049  000.002: parsing arguments
001.476  000.033  000.033: require('vim._core.shared')
001.537  000.003  000.003: require('string.buffer')
001.555  000.032  000.029: require('vim.inspect')
001.587  000.027  000.027: require('vim._core.options')
001.589  000.110  000.051: require('vim._core.editor')
001.625  000.035  000.035: require('vim._core.system')
001.626  000.211  000.034: require('vim._init_packages')
001.628  000.368: init lua interpreter
005.734  004.106: nvim_ui_attach
006.088  000.354: nvim_set_client_info
006.089  000.002: --- NVIM STARTED ---

--- Startup times for process: Embedded ---

times in msec
 clock   self+sourced   self:  sourced script
 clock   elapsed:              other lines

000.000  000.000: --- NVIM STARTING ---
000.071  000.071: event init
000.207  000.136: early init
000.590  000.382: locale set
000.620  000.030: init first window
000.978  000.358: inits 1
000.989  000.011: window checked
000.991  000.002: parsing arguments
001.400  000.035  000.035: require('vim._core.shared')
001.455  000.003  000.003: require('string.buffer')
001.474  000.034  000.031: require('vim.inspect')
001.509  000.028  000.028: require('vim._core.options')
001.510  000.108  000.046: require('vim._core.editor')
001.546  000.034  000.034: require('vim._core.system')
001.547  000.207  000.029: require('vim._init_packages')
001.549  000.350: init lua interpreter
003.483  001.935: expanding arguments
003.496  000.013: inits 2
003.730  000.234: init highlight
003.731  000.001: waiting for UI
003.874  000.143: done waiting for UI
003.883  000.009: clear screen
004.026  000.012  000.012: require('vim.keymap')
004.846  000.134  000.134: sourcing nvim_exec2()
004.873  000.004  000.004: require('vim._core.log')
005.360  001.474  001.325: require('vim._core.defaults')
005.361  000.004: init default mappings & autocommands
006.047  000.050  000.050: sourcing /opt/homebrew/Cellar/neovim/0.12.1/share/nvim/runtime/ftplugin.vim
006.147  000.022  000.022: sourcing /opt/homebrew/Cellar/neovim/0.12.1/share/nvim/runtime/indent.vim
007.493  001.125  001.125: require('mini.deps')
007.580  000.008  000.008: sourcing nvim_exec2() called at /Users/nikschaefer/dotfiles/nvim/init.lua:0
007.611  000.004  000.004: require('vim.F')
008.332  000.716  000.716: require('options')
008.596  000.263  000.263: require('mappings')
008.710  000.113  000.113: require('autocmds')
009.286  000.328  000.328: sourcing nvim_exec2() called at /Users/nikschaefer/dotfiles/nvim/init.lua:0
009.899  000.609  000.609: require('mini.basics')
010.272  000.019  000.019: sourcing /Applications/Ghostty.app/Contents/Resources/ghostty/../nvim/site/ftdetect/ghostty.vim
010.289  000.213  000.194: sourcing nvim_exec2() called at /opt/homebrew/Cellar/neovim/0.12.1/share/nvim/runtime/filetype.lua:0
010.291  000.276  000.063: sourcing /opt/homebrew/Cellar/neovim/0.12.1/share/nvim/runtime/filetype.lua
010.366  000.011  000.011: sourcing /opt/homebrew/Cellar/neovim/0.12.1/share/nvim/runtime/ftplugin.vim
010.428  000.006  000.006: sourcing /opt/homebrew/Cellar/neovim/0.12.1/share/nvim/runtime/indent.vim
010.436  000.506  000.213: sourcing nvim_exec2() called at /Users/nikschaefer/dotfiles/nvim/init.lua:0
013.591  000.536  000.536: require('mini.notify')
013.986  000.306  000.306: require('mini.tabline')
014.027  000.007  000.007: sourcing nvim_exec2() called at /Users/nikschaefer/dotfiles/nvim/init.lua:0
014.031  005.320  003.029: require('plugin/mini')
014.576  000.341  000.341: sourcing nvim_exec2() called at /Users/nikschaefer/dotfiles/nvim/init.lua:0
014.802  000.115  000.115: require('tokyonight.config')
014.803  000.225  000.110: require('tokyonight')
015.174  000.115  000.115: require('tokyonight.theme')
015.583  000.169  000.169: require('tokyonight.util')
015.585  000.300  000.131: require('tokyonight.colors')
016.121  000.352  000.352: require('tokyonight.hsluv')
016.473  000.180  000.180: require('tokyonight.groups')
018.110  003.132  002.185: sourcing /Users/nikschaefer/.local/share/nvim/site/pack/deps/opt/tokyonight.nvim/colors/tokyonight.lua
018.141  003.329  000.196: sourcing nvim_exec2() called at /Users/nikschaefer/dotfiles/nvim/init.lua:0
019.320  000.155  000.155: require('nvim-treesitter.utils')
021.354  000.139  000.139: require('vim.treesitter.language')
021.444  000.088  000.088: require('vim.func')
021.593  000.148  000.148: require('vim.treesitter._range')
021.722  000.125  000.125: require('vim.func._memoize')
021.766  000.990  000.491: require('vim.treesitter.query')
021.776  001.509  000.519: require('vim.treesitter.languagetree')
021.780  001.758  000.249: require('vim.treesitter')
022.158  002.833  001.075: require('nvim-treesitter.parsers')
023.034  000.105  000.105: require('nvim-treesitter.compat')
023.484  000.277  000.277: require('nvim-treesitter.ts_utils')
023.488  000.453  000.176: require('nvim-treesitter.tsrange')
023.590  000.101  000.101: require('nvim-treesitter.caching')
023.597  000.941  000.282: require('nvim-treesitter.query')
023.607  001.278  000.338: require('nvim-treesitter.configs')
023.610  001.451  000.173: require('nvim-treesitter.info')
023.853  000.242  000.242: require('nvim-treesitter.shell_command_selectors')
023.893  005.143  000.462: require('nvim-treesitter.install')
024.014  000.120  000.120: require('nvim-treesitter.statusline')
024.206  000.191  000.191: require('nvim-treesitter.query_predicates')
024.207  005.579  000.124: require('nvim-treesitter')
024.779  000.565  000.565: require('vim.iter')
025.186  006.592  000.448: sourcing /Users/nikschaefer/.local/share/nvim/site/pack/deps/opt/nvim-treesitter/plugin/nvim-treesitter.lua
025.309  007.128  000.537: sourcing nvim_exec2() called at /Users/nikschaefer/dotfiles/nvim/init.lua:0
026.675  000.262  000.262: require('nvim-treesitter.indent')
026.805  000.089  000.089: require('nvim-treesitter.highlight')
027.216  000.359  000.359: sourcing nvim_exec2() called at /Users/nikschaefer/dotfiles/nvim/init.lua:0
028.691  000.606  000.606: require('vim.lsp.protocol')
028.713  000.019  000.019: require('vim.fs')
028.735  000.828  000.203: require('vim.lsp.log')
029.676  000.939  000.939: require('vim.lsp.util')
030.088  000.198  000.198: require('vim.lsp.sync')
030.090  000.413  000.215: require('vim.lsp._changetracking')
030.530  000.149  000.149: require('vim.lsp._transport')
030.534  000.003  000.003: require('vim._core.stringbuffer')
030.539  000.447  000.295: require('vim.lsp.rpc')
030.570  003.349  000.722: require('vim.lsp')
031.235  000.174  000.174: require('snacks')
031.236  000.195  000.021: sourcing /Users/nikschaefer/.local/share/nvim/site/pack/deps/opt/snacks.nvim/plugin/snacks.lua
031.304  000.634  000.439: sourcing nvim_exec2() called at /Users/nikschaefer/dotfiles/nvim/init.lua:0
031.322  017.290  001.575: require('plugin/plugins')
031.404  025.122  000.284: sourcing /Users/nikschaefer/.config/nvim/init.lua
031.409  000.854: sourcing vimrc file(s)
031.584  000.051  000.051: sourcing /opt/homebrew/Cellar/neovim/0.12.1/share/nvim/runtime/syntax/synload.vim
031.635  000.179  000.128: sourcing /opt/homebrew/Cellar/neovim/0.12.1/share/nvim/runtime/syntax/syntax.vim
032.107  000.014  000.014: sourcing /Users/nikschaefer/.local/share/nvim/site/pack/deps/opt/snacks.nvim/plugin/snacks.lua
032.283  000.026  000.026: sourcing /Users/nikschaefer/.local/share/nvim/site/pack/deps/opt/nvim-treesitter/plugin/nvim-treesitter.lua
033.148  000.114  000.114: sourcing /opt/homebrew/Cellar/neovim/0.12.1/share/nvim/runtime/plugin/gzip.vim
033.822  000.101  000.101: sourcing /opt/homebrew/Cellar/neovim/0.12.1/share/nvim/runtime/pack/dist/opt/matchit/plugin/matchit.vim
033.853  000.663  000.562: sourcing /opt/homebrew/Cellar/neovim/0.12.1/share/nvim/runtime/plugin/matchit.vim
033.965  000.078  000.078: sourcing /opt/homebrew/Cellar/neovim/0.12.1/share/nvim/runtime/plugin/matchparen.vim
034.555  000.111  000.111: sourcing /opt/homebrew/Cellar/neovim/0.12.1/share/nvim/runtime/pack/dist/opt/netrw/plugin/netrwPlugin.vim
034.582  000.582  000.471: sourcing /opt/homebrew/Cellar/neovim/0.12.1/share/nvim/runtime/plugin/netrwPlugin.vim
034.699  000.075  000.075: sourcing /opt/homebrew/Cellar/neovim/0.12.1/share/nvim/runtime/plugin/rplugin.vim
034.798  000.060  000.060: sourcing /opt/homebrew/Cellar/neovim/0.12.1/share/nvim/runtime/plugin/tarPlugin.vim
034.847  000.011  000.011: sourcing /opt/homebrew/Cellar/neovim/0.12.1/share/nvim/runtime/plugin/tutor.vim
034.947  000.063  000.063: sourcing /opt/homebrew/Cellar/neovim/0.12.1/share/nvim/runtime/plugin/zipPlugin.vim
035.026  000.041  000.041: sourcing /opt/homebrew/Cellar/neovim/0.12.1/share/nvim/runtime/plugin/editorconfig.lua
035.114  000.047  000.047: sourcing /opt/homebrew/Cellar/neovim/0.12.1/share/nvim/runtime/plugin/man.lua
035.304  000.109  000.109: sourcing /opt/homebrew/Cellar/neovim/0.12.1/share/nvim/runtime/plugin/net.lua
035.409  000.064  000.064: sourcing /opt/homebrew/Cellar/neovim/0.12.1/share/nvim/runtime/plugin/osc52.lua
035.519  000.072  000.072: sourcing /opt/homebrew/Cellar/neovim/0.12.1/share/nvim/runtime/plugin/shada.lua
035.594  000.026  000.026: sourcing /opt/homebrew/Cellar/neovim/0.12.1/share/nvim/runtime/plugin/spellfile.lua
035.616  001.982: loading rtp plugins
035.811  000.195: loading packages
036.185  000.374: loading after plugins
036.193  000.008: inits 3
037.026  000.834: reading ShaDa
037.082  000.056: opening buffers
037.100  000.018: BufEnter autocommands
037.102  000.002: editing files in windows
037.191  000.089: VimEnter autocommands
037.205  000.015: UIEnter autocommands
037.206  000.001: before starting main loop
037.629  000.423: first screen update
037.630  000.001: --- NVIM STARTED ---

--- Startup times for process: Primary (or UI client) ---

times in msec
 clock   self+sourced   self:  sourced script
 clock   elapsed:              other lines

000.000  000.000: --- NVIM STARTING ---
000.068  000.068: event init
000.220  000.152: early init
000.523  000.303: locale set
000.550  000.027: init first window
001.003  000.453: inits 1
001.011  000.008: window checked
001.013  000.002: parsing arguments
001.537  000.043  000.043: require('vim._core.shared')
001.609  000.005  000.005: require('string.buffer')
001.634  000.044  000.040: require('vim.inspect')
001.677  000.035  000.035: require('vim._core.options')
001.679  000.139  000.059: require('vim._core.editor')
001.722  000.042  000.042: require('vim._core.system')
001.724  000.262  000.037: require('vim._init_packages')
001.726  000.451: init lua interpreter
005.090  003.364: nvim_ui_attach
005.457  000.368: nvim_set_client_info
005.458  000.001: --- NVIM STARTED ---

--- Startup times for process: Embedded ---

times in msec
 clock   self+sourced   self:  sourced script
 clock   elapsed:              other lines

000.000  000.000: --- NVIM STARTING ---
000.081  000.081: event init
000.226  000.145: early init
000.599  000.373: locale set
000.627  000.028: init first window
000.956  000.328: inits 1
000.966  000.011: window checked
000.969  000.002: parsing arguments
001.363  000.035  000.035: require('vim._core.shared')
001.419  000.004  000.004: require('string.buffer')
001.438  000.034  000.031: require('vim.inspect')
001.471  000.028  000.028: require('vim._core.options')
001.473  000.108  000.045: require('vim._core.editor')
001.514  000.040  000.040: require('vim._core.system')
001.515  000.209  000.027: require('vim._init_packages')
001.517  000.339: init lua interpreter
003.569  002.053: expanding arguments
003.581  000.012: inits 2
003.808  000.227: init highlight
003.809  000.001: waiting for UI
003.944  000.135: done waiting for UI
003.952  000.008: clear screen
004.073  000.011  000.011: require('vim.keymap')
004.935  000.130  000.130: sourcing nvim_exec2()
004.970  000.013  000.013: require('vim._core.log')
005.533  001.579  001.424: require('vim._core.defaults')
005.535  000.004: init default mappings & autocommands
006.321  000.044  000.044: sourcing /opt/homebrew/Cellar/neovim/0.12.1/share/nvim/runtime/ftplugin.vim
006.386  000.015  000.015: sourcing /opt/homebrew/Cellar/neovim/0.12.1/share/nvim/runtime/indent.vim
007.350  000.793  000.793: require('mini.deps')
007.379  000.006  000.006: sourcing nvim_exec2() called at /Users/nikschaefer/dotfiles/nvim/init.lua:0
007.407  000.004  000.004: require('vim.F')
007.879  000.468  000.468: require('options')
008.075  000.195  000.195: require('mappings')
008.157  000.081  000.081: require('autocmds')
008.681  000.312  000.312: sourcing nvim_exec2() called at /Users/nikschaefer/dotfiles/nvim/init.lua:0
009.113  000.429  000.429: require('mini.basics')
009.460  000.018  000.018: sourcing /Applications/Ghostty.app/Contents/Resources/ghostty/../nvim/site/ftdetect/ghostty.vim
009.477  000.161  000.143: sourcing nvim_exec2() called at /opt/homebrew/Cellar/neovim/0.12.1/share/nvim/runtime/filetype.lua:0
009.479  000.216  000.055: sourcing /opt/homebrew/Cellar/neovim/0.12.1/share/nvim/runtime/filetype.lua
009.543  000.008  000.008: sourcing /opt/homebrew/Cellar/neovim/0.12.1/share/nvim/runtime/ftplugin.vim
009.600  000.006  000.006: sourcing /opt/homebrew/Cellar/neovim/0.12.1/share/nvim/runtime/indent.vim
009.607  000.421  000.192: sourcing nvim_exec2() called at /Users/nikschaefer/dotfiles/nvim/init.lua:0
012.757  000.497  000.497: require('mini.notify')
013.163  000.318  000.318: require('mini.tabline')
013.201  000.005  000.005: sourcing nvim_exec2() called at /Users/nikschaefer/dotfiles/nvim/init.lua:0
013.204  005.047  003.064: require('plugin/mini')
013.726  000.344  000.344: sourcing nvim_exec2() called at /Users/nikschaefer/dotfiles/nvim/init.lua:0
013.954  000.111  000.111: require('tokyonight.config')
013.956  000.227  000.116: require('tokyonight')
014.290  000.109  000.109: require('tokyonight.theme')
014.729  000.186  000.186: require('tokyonight.util')
014.731  000.320  000.134: require('tokyonight.colors')
015.213  000.375  000.375: require('tokyonight.hsluv')
015.699  000.184  000.184: require('tokyonight.groups')
017.340  003.185  002.198: sourcing /Users/nikschaefer/.local/share/nvim/site/pack/deps/opt/tokyonight.nvim/colors/tokyonight.lua
017.369  003.377  000.192: sourcing nvim_exec2() called at /Users/nikschaefer/dotfiles/nvim/init.lua:0
018.529  000.157  000.157: require('nvim-treesitter.utils')
020.574  000.143  000.143: require('vim.treesitter.language')
020.663  000.087  000.087: require('vim.func')
020.819  000.155  000.155: require('vim.treesitter._range')
020.936  000.113  000.113: require('vim.func._memoize')
020.957  001.009  000.511: require('vim.treesitter.query')
020.970  001.526  000.516: require('vim.treesitter.languagetree')
020.975  001.770  000.245: require('vim.treesitter')
021.330  002.800  001.030: require('nvim-treesitter.parsers')
022.294  000.123  000.123: require('nvim-treesitter.compat')
022.888  000.387  000.387: require('nvim-treesitter.ts_utils')
022.891  000.595  000.208: require('nvim-treesitter.tsrange')
022.988  000.096  000.096: require('nvim-treesitter.caching')
022.994  001.202  000.387: require('nvim-treesitter.query')
023.002  001.510  000.308: require('nvim-treesitter.configs')
023.004  001.672  000.162: require('nvim-treesitter.info')
023.206  000.201  000.201: require('nvim-treesitter.shell_command_selectors')
023.223  005.263  000.433: require('nvim-treesitter.install')
023.321  000.097  000.097: require('nvim-treesitter.statusline')
023.456  000.134  000.134: require('nvim-treesitter.query_predicates')
023.457  005.610  000.116: require('nvim-treesitter')
023.841  000.359  000.359: require('vim.iter')
024.364  006.551  000.583: sourcing /Users/nikschaefer/.local/share/nvim/site/pack/deps/opt/nvim-treesitter/plugin/nvim-treesitter.lua
024.483  007.072  000.520: sourcing nvim_exec2() called at /Users/nikschaefer/dotfiles/nvim/init.lua:0
025.873  000.259  000.259: require('nvim-treesitter.indent')
025.973  000.090  000.090: require('nvim-treesitter.highlight')
026.390  000.310  000.310: sourcing nvim_exec2() called at /Users/nikschaefer/dotfiles/nvim/init.lua:0
027.762  000.623  000.623: require('vim.lsp.protocol')
027.786  000.020  000.020: require('vim.fs')
027.805  000.819  000.177: require('vim.lsp.log')
028.723  000.916  000.916: require('vim.lsp.util')
029.118  000.188  000.188: require('vim.lsp.sync')
029.121  000.397  000.209: require('vim.lsp._changetracking')
029.550  000.141  000.141: require('vim.lsp._transport')
029.555  000.004  000.004: require('vim._core.stringbuffer')
029.573  000.451  000.306: require('vim.lsp.rpc')
029.617  003.222  000.639: require('vim.lsp')
029.630  016.425  001.524: require('plugin/plugins')
029.708  023.229  000.210: sourcing /Users/nikschaefer/.config/nvim/init.lua
029.714  000.891: sourcing vimrc file(s)
029.895  000.057  000.057: sourcing /opt/homebrew/Cellar/neovim/0.12.1/share/nvim/runtime/syntax/synload.vim
029.949  000.184  000.128: sourcing /opt/homebrew/Cellar/neovim/0.12.1/share/nvim/runtime/syntax/syntax.vim
030.599  000.041  000.041: sourcing /Users/nikschaefer/.local/share/nvim/site/pack/deps/opt/nvim-treesitter/plugin/nvim-treesitter.lua
031.499  000.114  000.114: sourcing /opt/homebrew/Cellar/neovim/0.12.1/share/nvim/runtime/plugin/gzip.vim
032.117  000.102  000.102: sourcing /opt/homebrew/Cellar/neovim/0.12.1/share/nvim/runtime/pack/dist/opt/matchit/plugin/matchit.vim
032.146  000.609  000.507: sourcing /opt/homebrew/Cellar/neovim/0.12.1/share/nvim/runtime/plugin/matchit.vim
032.255  000.075  000.075: sourcing /opt/homebrew/Cellar/neovim/0.12.1/share/nvim/runtime/plugin/matchparen.vim
032.912  000.130  000.130: sourcing /opt/homebrew/Cellar/neovim/0.12.1/share/nvim/runtime/pack/dist/opt/netrw/plugin/netrwPlugin.vim
032.949  000.659  000.530: sourcing /opt/homebrew/Cellar/neovim/0.12.1/share/nvim/runtime/plugin/netrwPlugin.vim
033.078  000.083  000.083: sourcing /opt/homebrew/Cellar/neovim/0.12.1/share/nvim/runtime/plugin/rplugin.vim
033.180  000.059  000.059: sourcing /opt/homebrew/Cellar/neovim/0.12.1/share/nvim/runtime/plugin/tarPlugin.vim
033.233  000.013  000.013: sourcing /opt/homebrew/Cellar/neovim/0.12.1/share/nvim/runtime/plugin/tutor.vim
033.357  000.083  000.083: sourcing /opt/homebrew/Cellar/neovim/0.12.1/share/nvim/runtime/plugin/zipPlugin.vim
033.439  000.041  000.041: sourcing /opt/homebrew/Cellar/neovim/0.12.1/share/nvim/runtime/plugin/editorconfig.lua
033.537  000.053  000.053: sourcing /opt/homebrew/Cellar/neovim/0.12.1/share/nvim/runtime/plugin/man.lua
033.667  000.089  000.089: sourcing /opt/homebrew/Cellar/neovim/0.12.1/share/nvim/runtime/plugin/net.lua
033.775  000.065  000.065: sourcing /opt/homebrew/Cellar/neovim/0.12.1/share/nvim/runtime/plugin/osc52.lua
033.884  000.070  000.070: sourcing /opt/homebrew/Cellar/neovim/0.12.1/share/nvim/runtime/plugin/shada.lua
033.952  000.024  000.024: sourcing /opt/homebrew/Cellar/neovim/0.12.1/share/nvim/runtime/plugin/spellfile.lua
034.016  002.041: loading rtp plugins
034.221  000.205: loading packages
034.593  000.372: loading after plugins
034.601  000.008: inits 3
035.413  000.812: reading ShaDa
035.473  000.060: opening buffers
035.485  000.012: BufEnter autocommands
035.486  000.001: editing files in windows
035.568  000.082: VimEnter autocommands
035.603  000.035: UIEnter autocommands
035.604  000.001: before starting main loop
036.018  000.414: first screen update
036.018  000.001: --- NVIM STARTED ---

